[
  {
    "line": 2,
    "elements": [
      {
        "start_timestamp": "2023-06-09T09:02:40.796Z",
        "before": [
          {
            "result": {
              "duration": 5362405400,
              "status": "passed"
            },
            "match": {
              "location": "HomePageSteps.before(Scenario)"
            }
          }
        ],
        "line": 5,
        "name": "Check page display",
        "description": "",
        "id": "home-page-verifications;check-page-display",
        "after": [
          {
            "result": {
              "error_message": "org.openqa.selenium.NoSuchSessionException: invalid session id\nBuild info: version: \u00273.141.59\u0027, revision: \u0027e82be7d358\u0027, time: \u00272018-11-14T08:17:03\u0027\nSystem info: host: \u0027DESKTOP-L0EBMHE\u0027, ip: \u0027192.168.200.68\u0027, os.name: \u0027Windows 11\u0027, os.arch: \u0027amd64\u0027, os.version: \u002710.0\u0027, java.version: \u002720.0.1\u0027\nDriver info: org.openqa.selenium.chrome.ChromeDriver\nCapabilities {acceptInsecureCerts: false, browserName: chrome, browserVersion: 114.0.5735.110, chrome: {chromedriverVersion: 114.0.5735.90 (386bc09e8f4f..., userDataDir: C:\\Users\\HP\\AppData\\Local\\T...}, goog:chromeOptions: {debuggerAddress: localhost:60171}, javascriptEnabled: true, networkConnectionEnabled: false, pageLoadStrategy: normal, platform: WINDOWS, platformName: WINDOWS, proxy: Proxy(), setWindowRect: true, strictFileInteractability: false, timeouts: {implicit: 0, pageLoad: 300000, script: 30000}, unhandledPromptBehavior: dismiss and notify, webauthn:extension:credBlob: true, webauthn:extension:largeBlob: true, webauthn:extension:minPinLength: true, webauthn:extension:prf: true, webauthn:virtualAuthenticators: true}\nSession ID: 67b5687233e733947af41cbcf1142b0a\r\n\tat java.base/jdk.internal.reflect.DirectConstructorHandleAccessor.newInstance(DirectConstructorHandleAccessor.java:67)\r\n\tat java.base/java.lang.reflect.Constructor.newInstanceWithCaller(Constructor.java:500)\r\n\tat java.base/java.lang.reflect.Constructor.newInstance(Constructor.java:484)\r\n\tat org.openqa.selenium.remote.http.W3CHttpResponseCodec.createException(W3CHttpResponseCodec.java:187)\r\n\tat org.openqa.selenium.remote.http.W3CHttpResponseCodec.decode(W3CHttpResponseCodec.java:122)\r\n\tat org.openqa.selenium.remote.http.W3CHttpResponseCodec.decode(W3CHttpResponseCodec.java:49)\r\n\tat org.openqa.selenium.remote.HttpCommandExecutor.execute(HttpCommandExecutor.java:158)\r\n\tat org.openqa.selenium.remote.service.DriverCommandExecutor.execute(DriverCommandExecutor.java:83)\r\n\tat org.openqa.selenium.remote.RemoteWebDriver.execute(RemoteWebDriver.java:552)\r\n\tat org.openqa.selenium.remote.RemoteWebDriver.execute(RemoteWebDriver.java:609)\r\n\tat org.openqa.selenium.remote.RemoteWebDriver.close(RemoteWebDriver.java:442)\r\n\tat WebConnector.webconnector.closeDriver(webconnector.java:80)\r\n\tat stepdefs.HomePageSteps.after(HomePageSteps.java:37)\r\n\tat java.base/jdk.internal.reflect.DirectMethodHandleAccessor.invoke(DirectMethodHandleAccessor.java:104)\r\n\tat java.base/java.lang.reflect.Method.invoke(Method.java:578)\r\n\tat cucumber.runtime.Utils$1.call(Utils.java:26)\r\n\tat cucumber.runtime.Timeout.timeout(Timeout.java:16)\r\n\tat cucumber.runtime.Utils.invoke(Utils.java:20)\r\n\tat cucumber.runtime.java.JavaHookDefinition.execute(JavaHookDefinition.java:65)\r\n\tat cucumber.runner.HookDefinitionMatch.runStep(HookDefinitionMatch.java:16)\r\n\tat cucumber.runner.TestStep.executeStep(TestStep.java:65)\r\n\tat cucumber.runner.TestStep.run(TestStep.java:50)\r\n\tat cucumber.runner.TestCase.run(TestCase.java:50)\r\n\tat cucumber.runner.Runner.runPickle(Runner.java:50)\r\n\tat io.cucumber.testng.TestNGCucumberRunner.runScenario(TestNGCucumberRunner.java:69)\r\n\tat io.cucumber.testng.AbstractTestNGCucumberTests.runScenario(AbstractTestNGCucumberTests.java:24)\r\n\tat java.base/jdk.internal.reflect.DirectMethodHandleAccessor.invoke(DirectMethodHandleAccessor.java:104)\r\n\tat java.base/java.lang.reflect.Method.invoke(Method.java:578)\r\n\tat org.testng.internal.MethodInvocationHelper.invokeMethod(MethodInvocationHelper.java:124)\r\n\tat org.testng.internal.Invoker.invokeMethod(Invoker.java:583)\r\n\tat org.testng.internal.Invoker.invokeTestMethod(Invoker.java:719)\r\n\tat org.testng.internal.TestMethodWithDataProviderMethodWorker.call(TestMethodWithDataProviderMethodWorker.java:71)\r\n\tat org.testng.internal.TestMethodWithDataProviderMethodWorker.call(TestMethodWithDataProviderMethodWorker.java:14)\r\n\tat java.base/java.util.concurrent.FutureTask.run(FutureTask.java:317)\r\n\tat java.base/java.util.concurrent.Executors$RunnableAdapter.call(Executors.java:577)\r\n\tat java.base/java.util.concurrent.FutureTask.run(FutureTask.java:317)\r\n\tat java.base/java.util.concurrent.ThreadPoolExecutor.runWorker(ThreadPoolExecutor.java:1144)\r\n\tat java.base/java.util.concurrent.ThreadPoolExecutor$Worker.run(ThreadPoolExecutor.java:642)\r\n\tat java.base/java.lang.Thread.run(Thread.java:1623)\r\n",
              "duration": 185024300,
              "status": "failed"
            },
            "match": {
              "location": "HomePageSteps.after(Scenario)"
            }
          }
        ],
        "type": "scenario",
        "keyword": "Scenario",
        "steps": [
          {
            "result": {
              "status": "undefined"
            },
            "before": [
              {
                "result": {
                  "duration": 2000479800,
                  "status": "passed"
                },
                "match": {
                  "location": "HomePageSteps.beforeStep()"
                }
              }
            ],
            "line": 6,
            "name": "User navigates to QATechTesting HomePage",
            "match": {},
            "keyword": "Given "
          },
          {
            "result": {
              "status": "undefined"
            },
            "before": [
              {
                "result": {
                  "duration": 11400,
                  "status": "skipped"
                },
                "match": {
                  "location": "HomePageSteps.beforeStep()"
                }
              }
            ],
            "line": 7,
            "name": "User verify that Blog Link is displayed",
            "match": {},
            "keyword": "Then "
          },
          {
            "result": {
              "duration": 7800,
              "status": "skipped"
            },
            "before": [
              {
                "result": {
                  "duration": 9600,
                  "status": "skipped"
                },
                "match": {
                  "location": "HomePageSteps.beforeStep()"
                }
              }
            ],
            "line": 8,
            "name": "User verify that Blog page title is displayed",
            "match": {
              "location": "BlogPageSteps.blogPageIsDisplayed()"
            },
            "keyword": "And "
          }
        ],
        "tags": [
          {
            "name": "@blog_page"
          }
        ]
      }
    ],
    "name": "Home Page Verifications",
    "description": "",
    "id": "home-page-verifications",
    "keyword": "Feature",
    "uri": "file:src/test/resources/features/BlogPage/01_VerifyPageName_BlogPage.feature",
    "tags": []
  },
  {
    "line": 1,
    "elements": [
      {
        "start_timestamp": "2023-06-09T09:02:40.796Z",
        "before": [
          {
            "result": {
              "duration": 5259962300,
              "status": "passed"
            },
            "match": {
              "location": "HomePageSteps.before(Scenario)"
            }
          }
        ],
        "line": 4,
        "name": "Check Search in HomePage",
        "description": "",
        "id": "home-page-verifications;check-search-in-homepage",
        "after": [
          {
            "result": {
              "duration": 188096300,
              "status": "passed"
            },
            "match": {
              "location": "HomePageSteps.after(Scenario)"
            }
          }
        ],
        "type": "scenario",
        "keyword": "Scenario",
        "steps": [
          {
            "result": {
              "status": "undefined"
            },
            "before": [
              {
                "result": {
                  "duration": 2001907000,
                  "status": "passed"
                },
                "match": {
                  "location": "HomePageSteps.beforeStep()"
                }
              }
            ],
            "line": 5,
            "name": "User login successfully",
            "match": {},
            "keyword": "Given "
          },
          {
            "result": {
              "duration": 3100,
              "status": "skipped"
            },
            "before": [
              {
                "result": {
                  "duration": 11000,
                  "status": "skipped"
                },
                "match": {
                  "location": "HomePageSteps.beforeStep()"
                }
              }
            ],
            "line": 6,
            "name": "User navigates to Quiz HomePage",
            "match": {
              "location": "HomePageSteps.aUserNavigatesToHomePage()"
            },
            "keyword": "And "
          },
          {
            "result": {
              "duration": 2200,
              "status": "skipped"
            },
            "before": [
              {
                "result": {
                  "duration": 2400,
                  "status": "skipped"
                },
                "match": {
                  "location": "HomePageSteps.beforeStep()"
                }
              }
            ],
            "line": 7,
            "name": "Click on Computer tab",
            "match": {
              "location": "HomePageSteps.clickOnComputerTab()"
            },
            "keyword": "When "
          },
          {
            "result": {
              "duration": 2000,
              "status": "skipped"
            },
            "before": [
              {
                "result": {
                  "duration": 2100,
                  "status": "skipped"
                },
                "match": {
                  "location": "HomePageSteps.beforeStep()"
                }
              }
            ],
            "line": 8,
            "name": "Input value exist in Computer tab",
            "match": {
              "location": "HomePageSteps.inputValueExistInComputerTab()"
            },
            "keyword": "And "
          },
          {
            "result": {
              "duration": 2000,
              "status": "skipped"
            },
            "before": [
              {
                "result": {
                  "duration": 2000,
                  "status": "skipped"
                },
                "match": {
                  "location": "HomePageSteps.beforeStep()"
                }
              }
            ],
            "line": 9,
            "name": "verify the search result is the same as the input value",
            "match": {
              "location": "HomePageSteps.verifyTheSearchResultIsTheSameAsTheInputValue()"
            },
            "keyword": "Then "
          }
        ],
        "tags": [
          {
            "name": "@home_page"
          }
        ]
      },
      {
        "start_timestamp": "2023-06-09T09:02:40.796Z",
        "before": [
          {
            "result": {
              "duration": 5349266000,
              "status": "passed"
            },
            "match": {
              "location": "HomePageSteps.before(Scenario)"
            }
          }
        ],
        "line": 11,
        "name": "Check Detail Page display",
        "description": "",
        "id": "home-page-verifications;check-detail-page-display",
        "after": [
          {
            "result": {
              "error_message": "org.openqa.selenium.NoSuchSessionException: invalid session id\nBuild info: version: \u00273.141.59\u0027, revision: \u0027e82be7d358\u0027, time: \u00272018-11-14T08:17:03\u0027\nSystem info: host: \u0027DESKTOP-L0EBMHE\u0027, ip: \u0027192.168.200.68\u0027, os.name: \u0027Windows 11\u0027, os.arch: \u0027amd64\u0027, os.version: \u002710.0\u0027, java.version: \u002720.0.1\u0027\nDriver info: org.openqa.selenium.chrome.ChromeDriver\nCapabilities {acceptInsecureCerts: false, browserName: chrome, browserVersion: 114.0.5735.110, chrome: {chromedriverVersion: 114.0.5735.90 (386bc09e8f4f..., userDataDir: C:\\Users\\HP\\AppData\\Local\\T...}, goog:chromeOptions: {debuggerAddress: localhost:60171}, javascriptEnabled: true, networkConnectionEnabled: false, pageLoadStrategy: normal, platform: WINDOWS, platformName: WINDOWS, proxy: Proxy(), setWindowRect: true, strictFileInteractability: false, timeouts: {implicit: 0, pageLoad: 300000, script: 30000}, unhandledPromptBehavior: dismiss and notify, webauthn:extension:credBlob: true, webauthn:extension:largeBlob: true, webauthn:extension:minPinLength: true, webauthn:extension:prf: true, webauthn:virtualAuthenticators: true}\nSession ID: 67b5687233e733947af41cbcf1142b0a\r\n\tat java.base/jdk.internal.reflect.DirectConstructorHandleAccessor.newInstance(DirectConstructorHandleAccessor.java:67)\r\n\tat java.base/java.lang.reflect.Constructor.newInstanceWithCaller(Constructor.java:500)\r\n\tat java.base/java.lang.reflect.Constructor.newInstance(Constructor.java:484)\r\n\tat org.openqa.selenium.remote.http.W3CHttpResponseCodec.createException(W3CHttpResponseCodec.java:187)\r\n\tat org.openqa.selenium.remote.http.W3CHttpResponseCodec.decode(W3CHttpResponseCodec.java:122)\r\n\tat org.openqa.selenium.remote.http.W3CHttpResponseCodec.decode(W3CHttpResponseCodec.java:49)\r\n\tat org.openqa.selenium.remote.HttpCommandExecutor.execute(HttpCommandExecutor.java:158)\r\n\tat org.openqa.selenium.remote.service.DriverCommandExecutor.execute(DriverCommandExecutor.java:83)\r\n\tat org.openqa.selenium.remote.RemoteWebDriver.execute(RemoteWebDriver.java:552)\r\n\tat org.openqa.selenium.remote.RemoteWebDriver.execute(RemoteWebDriver.java:609)\r\n\tat org.openqa.selenium.remote.RemoteWebDriver.getScreenshotAs(RemoteWebDriver.java:295)\r\n\tat WebConnector.webconnector.saveScreenshotsForScenario(webconnector.java:85)\r\n\tat WebConnector.webconnector.closeDriver(webconnector.java:78)\r\n\tat stepdefs.HomePageSteps.after(HomePageSteps.java:37)\r\n\tat java.base/jdk.internal.reflect.DirectMethodHandleAccessor.invoke(DirectMethodHandleAccessor.java:104)\r\n\tat java.base/java.lang.reflect.Method.invoke(Method.java:578)\r\n\tat cucumber.runtime.Utils$1.call(Utils.java:26)\r\n\tat cucumber.runtime.Timeout.timeout(Timeout.java:16)\r\n\tat cucumber.runtime.Utils.invoke(Utils.java:20)\r\n\tat cucumber.runtime.java.JavaHookDefinition.execute(JavaHookDefinition.java:65)\r\n\tat cucumber.runner.HookDefinitionMatch.runStep(HookDefinitionMatch.java:16)\r\n\tat cucumber.runner.TestStep.executeStep(TestStep.java:65)\r\n\tat cucumber.runner.TestStep.run(TestStep.java:50)\r\n\tat cucumber.runner.TestCase.run(TestCase.java:50)\r\n\tat cucumber.runner.Runner.runPickle(Runner.java:50)\r\n\tat io.cucumber.testng.TestNGCucumberRunner.runScenario(TestNGCucumberRunner.java:69)\r\n\tat io.cucumber.testng.AbstractTestNGCucumberTests.runScenario(AbstractTestNGCucumberTests.java:24)\r\n\tat java.base/jdk.internal.reflect.DirectMethodHandleAccessor.invoke(DirectMethodHandleAccessor.java:104)\r\n\tat java.base/java.lang.reflect.Method.invoke(Method.java:578)\r\n\tat org.testng.internal.MethodInvocationHelper.invokeMethod(MethodInvocationHelper.java:124)\r\n\tat org.testng.internal.Invoker.invokeMethod(Invoker.java:583)\r\n\tat org.testng.internal.Invoker.invokeTestMethod(Invoker.java:719)\r\n\tat org.testng.internal.TestMethodWithDataProviderMethodWorker.call(TestMethodWithDataProviderMethodWorker.java:71)\r\n\tat org.testng.internal.TestMethodWithDataProviderMethodWorker.call(TestMethodWithDataProviderMethodWorker.java:14)\r\n\tat java.base/java.util.concurrent.FutureTask.run(FutureTask.java:317)\r\n\tat java.base/java.util.concurrent.Executors$RunnableAdapter.call(Executors.java:577)\r\n\tat java.base/java.util.concurrent.FutureTask.run(FutureTask.java:317)\r\n\tat java.base/java.util.concurrent.ThreadPoolExecutor.runWorker(ThreadPoolExecutor.java:1144)\r\n\tat java.base/java.util.concurrent.ThreadPoolExecutor$Worker.run(ThreadPoolExecutor.java:642)\r\n\tat java.base/java.lang.Thread.run(Thread.java:1623)\r\n",
              "duration": 6593500,
              "status": "failed"
            },
            "match": {
              "location": "HomePageSteps.after(Scenario)"
            }
          }
        ],
        "type": "scenario",
        "keyword": "Scenario",
        "steps": [
          {
            "result": {
              "error_message": "org.openqa.selenium.NoSuchSessionException: invalid session id\nBuild info: version: \u00273.141.59\u0027, revision: \u0027e82be7d358\u0027, time: \u00272018-11-14T08:17:03\u0027\nSystem info: host: \u0027DESKTOP-L0EBMHE\u0027, ip: \u0027192.168.200.68\u0027, os.name: \u0027Windows 11\u0027, os.arch: \u0027amd64\u0027, os.version: \u002710.0\u0027, java.version: \u002720.0.1\u0027\nDriver info: org.openqa.selenium.chrome.ChromeDriver\nCapabilities {acceptInsecureCerts: false, browserName: chrome, browserVersion: 114.0.5735.110, chrome: {chromedriverVersion: 114.0.5735.90 (386bc09e8f4f..., userDataDir: C:\\Users\\HP\\AppData\\Local\\T...}, goog:chromeOptions: {debuggerAddress: localhost:60171}, javascriptEnabled: true, networkConnectionEnabled: false, pageLoadStrategy: normal, platform: WINDOWS, platformName: WINDOWS, proxy: Proxy(), setWindowRect: true, strictFileInteractability: false, timeouts: {implicit: 0, pageLoad: 300000, script: 30000}, unhandledPromptBehavior: dismiss and notify, webauthn:extension:credBlob: true, webauthn:extension:largeBlob: true, webauthn:extension:minPinLength: true, webauthn:extension:prf: true, webauthn:virtualAuthenticators: true}\nSession ID: 67b5687233e733947af41cbcf1142b0a\r\n\tat java.base/jdk.internal.reflect.DirectConstructorHandleAccessor.newInstance(DirectConstructorHandleAccessor.java:67)\r\n\tat java.base/java.lang.reflect.Constructor.newInstanceWithCaller(Constructor.java:500)\r\n\tat java.base/java.lang.reflect.Constructor.newInstance(Constructor.java:484)\r\n\tat org.openqa.selenium.remote.http.W3CHttpResponseCodec.createException(W3CHttpResponseCodec.java:187)\r\n\tat org.openqa.selenium.remote.http.W3CHttpResponseCodec.decode(W3CHttpResponseCodec.java:122)\r\n\tat org.openqa.selenium.remote.http.W3CHttpResponseCodec.decode(W3CHttpResponseCodec.java:49)\r\n\tat org.openqa.selenium.remote.HttpCommandExecutor.execute(HttpCommandExecutor.java:158)\r\n\tat org.openqa.selenium.remote.service.DriverCommandExecutor.execute(DriverCommandExecutor.java:83)\r\n\tat org.openqa.selenium.remote.RemoteWebDriver.execute(RemoteWebDriver.java:552)\r\n\tat org.openqa.selenium.remote.RemoteWebDriver.get(RemoteWebDriver.java:277)\r\n\tat ApplicationPages.Homepage.goToHomePage(Homepage.java:17)\r\n\tat stepdefs.HomePageSteps.aUserNavigatesToHomePage(HomePageSteps.java:47)\r\n\tat âœ½.User navigates to Quiz HomePage(file:src/test/resources/features/HomePage/01_NavigateTo_HomePage.feature:12)\r\n",
              "duration": 1051967800,
              "status": "failed"
            },
            "before": [
              {
                "result": {
                  "duration": 2000674500,
                  "status": "passed"
                },
                "match": {
                  "location": "HomePageSteps.beforeStep()"
                }
              }
            ],
            "line": 12,
            "name": "User navigates to Quiz HomePage",
            "match": {
              "location": "HomePageSteps.aUserNavigatesToHomePage()"
            },
            "keyword": "Given "
          },
          {
            "result": {
              "duration": 3700,
              "status": "skipped"
            },
            "before": [
              {
                "result": {
                  "duration": 7600,
                  "status": "skipped"
                },
                "match": {
                  "location": "HomePageSteps.beforeStep()"
                }
              }
            ],
            "line": 13,
            "name": "Click on Computer tab",
            "match": {
              "location": "HomePageSteps.clickOnComputerTab()"
            },
            "keyword": "When "
          },
          {
            "result": {
              "status": "undefined"
            },
            "before": [
              {
                "result": {
                  "duration": 3400,
                  "status": "skipped"
                },
                "match": {
                  "location": "HomePageSteps.beforeStep()"
                }
              }
            ],
            "line": 14,
            "name": "Click on Subject",
            "match": {},
            "keyword": "And "
          },
          {
            "result": {
              "status": "undefined"
            },
            "before": [
              {
                "result": {
                  "duration": 3500,
                  "status": "skipped"
                },
                "match": {
                  "location": "HomePageSteps.beforeStep()"
                }
              }
            ],
            "line": 15,
            "name": "Detail Page will be displayed",
            "match": {},
            "keyword": "Then "
          }
        ]
      }
    ],
    "name": "Home Page Verifications",
    "description": "",
    "id": "home-page-verifications",
    "keyword": "Feature",
    "uri": "file:src/test/resources/features/HomePage/01_NavigateTo_HomePage.feature",
    "tags": []
  },
  {
    "line": 2,
    "elements": [
      {
        "start_timestamp": "2023-06-09T09:02:40.796Z",
        "before": [
          {
            "result": {
              "duration": 5773592700,
              "status": "passed"
            },
            "match": {
              "location": "HomePageSteps.before(Scenario)"
            }
          }
        ],
        "line": 5,
        "name": "Check Blog Link displayed",
        "description": "",
        "id": "home-page-verifications;check-blog-link-displayed",
        "after": [
          {
            "result": {
              "error_message": "org.openqa.selenium.NoSuchSessionException: invalid session id\nBuild info: version: \u00273.141.59\u0027, revision: \u0027e82be7d358\u0027, time: \u00272018-11-14T08:17:03\u0027\nSystem info: host: \u0027DESKTOP-L0EBMHE\u0027, ip: \u0027192.168.200.68\u0027, os.name: \u0027Windows 11\u0027, os.arch: \u0027amd64\u0027, os.version: \u002710.0\u0027, java.version: \u002720.0.1\u0027\nDriver info: org.openqa.selenium.chrome.ChromeDriver\nCapabilities {acceptInsecureCerts: false, browserName: chrome, browserVersion: 114.0.5735.110, chrome: {chromedriverVersion: 114.0.5735.90 (386bc09e8f4f..., userDataDir: C:\\Users\\HP\\AppData\\Local\\T...}, goog:chromeOptions: {debuggerAddress: localhost:60171}, javascriptEnabled: true, networkConnectionEnabled: false, pageLoadStrategy: normal, platform: WINDOWS, platformName: WINDOWS, proxy: Proxy(), setWindowRect: true, strictFileInteractability: false, timeouts: {implicit: 0, pageLoad: 300000, script: 30000}, unhandledPromptBehavior: dismiss and notify, webauthn:extension:credBlob: true, webauthn:extension:largeBlob: true, webauthn:extension:minPinLength: true, webauthn:extension:prf: true, webauthn:virtualAuthenticators: true}\nSession ID: 67b5687233e733947af41cbcf1142b0a\r\n\tat java.base/jdk.internal.reflect.DirectConstructorHandleAccessor.newInstance(DirectConstructorHandleAccessor.java:67)\r\n\tat java.base/java.lang.reflect.Constructor.newInstanceWithCaller(Constructor.java:500)\r\n\tat java.base/java.lang.reflect.Constructor.newInstance(Constructor.java:484)\r\n\tat org.openqa.selenium.remote.http.W3CHttpResponseCodec.createException(W3CHttpResponseCodec.java:187)\r\n\tat org.openqa.selenium.remote.http.W3CHttpResponseCodec.decode(W3CHttpResponseCodec.java:122)\r\n\tat org.openqa.selenium.remote.http.W3CHttpResponseCodec.decode(W3CHttpResponseCodec.java:49)\r\n\tat org.openqa.selenium.remote.HttpCommandExecutor.execute(HttpCommandExecutor.java:158)\r\n\tat org.openqa.selenium.remote.service.DriverCommandExecutor.execute(DriverCommandExecutor.java:83)\r\n\tat org.openqa.selenium.remote.RemoteWebDriver.execute(RemoteWebDriver.java:552)\r\n\tat org.openqa.selenium.remote.RemoteWebDriver.execute(RemoteWebDriver.java:609)\r\n\tat org.openqa.selenium.remote.RemoteWebDriver.close(RemoteWebDriver.java:442)\r\n\tat WebConnector.webconnector.closeDriver(webconnector.java:80)\r\n\tat stepdefs.HomePageSteps.after(HomePageSteps.java:37)\r\n\tat java.base/jdk.internal.reflect.DirectMethodHandleAccessor.invoke(DirectMethodHandleAccessor.java:104)\r\n\tat java.base/java.lang.reflect.Method.invoke(Method.java:578)\r\n\tat cucumber.runtime.Utils$1.call(Utils.java:26)\r\n\tat cucumber.runtime.Timeout.timeout(Timeout.java:16)\r\n\tat cucumber.runtime.Utils.invoke(Utils.java:20)\r\n\tat cucumber.runtime.java.JavaHookDefinition.execute(JavaHookDefinition.java:65)\r\n\tat cucumber.runner.HookDefinitionMatch.runStep(HookDefinitionMatch.java:16)\r\n\tat cucumber.runner.TestStep.executeStep(TestStep.java:65)\r\n\tat cucumber.runner.TestStep.run(TestStep.java:50)\r\n\tat cucumber.runner.TestCase.run(TestCase.java:50)\r\n\tat cucumber.runner.Runner.runPickle(Runner.java:50)\r\n\tat io.cucumber.testng.TestNGCucumberRunner.runScenario(TestNGCucumberRunner.java:69)\r\n\tat io.cucumber.testng.AbstractTestNGCucumberTests.runScenario(AbstractTestNGCucumberTests.java:24)\r\n\tat java.base/jdk.internal.reflect.DirectMethodHandleAccessor.invoke(DirectMethodHandleAccessor.java:104)\r\n\tat java.base/java.lang.reflect.Method.invoke(Method.java:578)\r\n\tat org.testng.internal.MethodInvocationHelper.invokeMethod(MethodInvocationHelper.java:124)\r\n\tat org.testng.internal.Invoker.invokeMethod(Invoker.java:583)\r\n\tat org.testng.internal.Invoker.invokeTestMethod(Invoker.java:719)\r\n\tat org.testng.internal.TestMethodWithDataProviderMethodWorker.call(TestMethodWithDataProviderMethodWorker.java:71)\r\n\tat org.testng.internal.TestMethodWithDataProviderMethodWorker.call(TestMethodWithDataProviderMethodWorker.java:14)\r\n\tat java.base/java.util.concurrent.FutureTask.run(FutureTask.java:317)\r\n\tat java.base/java.util.concurrent.Executors$RunnableAdapter.call(Executors.java:577)\r\n\tat java.base/java.util.concurrent.FutureTask.run(FutureTask.java:317)\r\n\tat java.base/java.util.concurrent.ThreadPoolExecutor.runWorker(ThreadPoolExecutor.java:1144)\r\n\tat java.base/java.util.concurrent.ThreadPoolExecutor$Worker.run(ThreadPoolExecutor.java:642)\r\n\tat java.base/java.lang.Thread.run(Thread.java:1623)\r\n",
              "duration": 6926600,
              "status": "failed"
            },
            "match": {
              "location": "HomePageSteps.after(Scenario)"
            }
          }
        ],
        "type": "scenario",
        "keyword": "Scenario",
        "steps": [
          {
            "result": {
              "status": "undefined"
            },
            "before": [
              {
                "result": {
                  "duration": 2001357900,
                  "status": "passed"
                },
                "match": {
                  "location": "HomePageSteps.beforeStep()"
                }
              }
            ],
            "line": 6,
            "name": "User navigates to QATechTesting HomePage",
            "match": {},
            "keyword": "Given "
          },
          {
            "result": {
              "status": "undefined"
            },
            "before": [
              {
                "result": {
                  "duration": 16800,
                  "status": "skipped"
                },
                "match": {
                  "location": "HomePageSteps.beforeStep()"
                }
              }
            ],
            "line": 7,
            "name": "User verify that Blog Link is displayed",
            "match": {},
            "keyword": "Then "
          }
        ],
        "tags": [
          {
            "name": "@home_page"
          }
        ]
      }
    ],
    "name": "Home Page Verifications",
    "description": "",
    "id": "home-page-verifications",
    "keyword": "Feature",
    "uri": "file:src/test/resources/features/HomePage/02_VerifyBlogLnk_HomePage.feature",
    "tags": []
  },
  {
    "line": 1,
    "elements": [
      {
        "start_timestamp": "2023-06-09T09:02:40.796Z",
        "before": [
          {
            "result": {
              "duration": 5413026800,
              "status": "passed"
            },
            "match": {
              "location": "HomePageSteps.before(Scenario)"
            }
          }
        ],
        "line": 4,
        "name": "Check Search in HomePage",
        "description": "",
        "id": "login-page-verifications;check-search-in-homepage",
        "after": [
          {
            "result": {
              "error_message": "org.openqa.selenium.NoSuchSessionException: invalid session id\nBuild info: version: \u00273.141.59\u0027, revision: \u0027e82be7d358\u0027, time: \u00272018-11-14T08:17:03\u0027\nSystem info: host: \u0027DESKTOP-L0EBMHE\u0027, ip: \u0027192.168.200.68\u0027, os.name: \u0027Windows 11\u0027, os.arch: \u0027amd64\u0027, os.version: \u002710.0\u0027, java.version: \u002720.0.1\u0027\nDriver info: org.openqa.selenium.chrome.ChromeDriver\nCapabilities {acceptInsecureCerts: false, browserName: chrome, browserVersion: 114.0.5735.110, chrome: {chromedriverVersion: 114.0.5735.90 (386bc09e8f4f..., userDataDir: C:\\Users\\HP\\AppData\\Local\\T...}, goog:chromeOptions: {debuggerAddress: localhost:60171}, javascriptEnabled: true, networkConnectionEnabled: false, pageLoadStrategy: normal, platform: WINDOWS, platformName: WINDOWS, proxy: Proxy(), setWindowRect: true, strictFileInteractability: false, timeouts: {implicit: 0, pageLoad: 300000, script: 30000}, unhandledPromptBehavior: dismiss and notify, webauthn:extension:credBlob: true, webauthn:extension:largeBlob: true, webauthn:extension:minPinLength: true, webauthn:extension:prf: true, webauthn:virtualAuthenticators: true}\nSession ID: 67b5687233e733947af41cbcf1142b0a\r\n\tat java.base/jdk.internal.reflect.DirectConstructorHandleAccessor.newInstance(DirectConstructorHandleAccessor.java:67)\r\n\tat java.base/java.lang.reflect.Constructor.newInstanceWithCaller(Constructor.java:500)\r\n\tat java.base/java.lang.reflect.Constructor.newInstance(Constructor.java:484)\r\n\tat org.openqa.selenium.remote.http.W3CHttpResponseCodec.createException(W3CHttpResponseCodec.java:187)\r\n\tat org.openqa.selenium.remote.http.W3CHttpResponseCodec.decode(W3CHttpResponseCodec.java:122)\r\n\tat org.openqa.selenium.remote.http.W3CHttpResponseCodec.decode(W3CHttpResponseCodec.java:49)\r\n\tat org.openqa.selenium.remote.HttpCommandExecutor.execute(HttpCommandExecutor.java:158)\r\n\tat org.openqa.selenium.remote.service.DriverCommandExecutor.execute(DriverCommandExecutor.java:83)\r\n\tat org.openqa.selenium.remote.RemoteWebDriver.execute(RemoteWebDriver.java:552)\r\n\tat org.openqa.selenium.remote.RemoteWebDriver.execute(RemoteWebDriver.java:609)\r\n\tat org.openqa.selenium.remote.RemoteWebDriver.close(RemoteWebDriver.java:442)\r\n\tat WebConnector.webconnector.closeDriver(webconnector.java:80)\r\n\tat stepdefs.HomePageSteps.after(HomePageSteps.java:37)\r\n\tat java.base/jdk.internal.reflect.DirectMethodHandleAccessor.invoke(DirectMethodHandleAccessor.java:104)\r\n\tat java.base/java.lang.reflect.Method.invoke(Method.java:578)\r\n\tat cucumber.runtime.Utils$1.call(Utils.java:26)\r\n\tat cucumber.runtime.Timeout.timeout(Timeout.java:16)\r\n\tat cucumber.runtime.Utils.invoke(Utils.java:20)\r\n\tat cucumber.runtime.java.JavaHookDefinition.execute(JavaHookDefinition.java:65)\r\n\tat cucumber.runner.HookDefinitionMatch.runStep(HookDefinitionMatch.java:16)\r\n\tat cucumber.runner.TestStep.executeStep(TestStep.java:65)\r\n\tat cucumber.runner.TestStep.run(TestStep.java:50)\r\n\tat cucumber.runner.TestCase.run(TestCase.java:50)\r\n\tat cucumber.runner.Runner.runPickle(Runner.java:50)\r\n\tat io.cucumber.testng.TestNGCucumberRunner.runScenario(TestNGCucumberRunner.java:69)\r\n\tat io.cucumber.testng.AbstractTestNGCucumberTests.runScenario(AbstractTestNGCucumberTests.java:24)\r\n\tat java.base/jdk.internal.reflect.DirectMethodHandleAccessor.invoke(DirectMethodHandleAccessor.java:104)\r\n\tat java.base/java.lang.reflect.Method.invoke(Method.java:578)\r\n\tat org.testng.internal.MethodInvocationHelper.invokeMethod(MethodInvocationHelper.java:124)\r\n\tat org.testng.internal.Invoker.invokeMethod(Invoker.java:583)\r\n\tat org.testng.internal.Invoker.invokeTestMethod(Invoker.java:719)\r\n\tat org.testng.internal.TestMethodWithDataProviderMethodWorker.call(TestMethodWithDataProviderMethodWorker.java:71)\r\n\tat org.testng.internal.TestMethodWithDataProviderMethodWorker.call(TestMethodWithDataProviderMethodWorker.java:14)\r\n\tat java.base/java.util.concurrent.FutureTask.run(FutureTask.java:317)\r\n\tat java.base/java.util.concurrent.Executors$RunnableAdapter.call(Executors.java:577)\r\n\tat java.base/java.util.concurrent.FutureTask.run(FutureTask.java:317)\r\n\tat java.base/java.util.concurrent.ThreadPoolExecutor.runWorker(ThreadPoolExecutor.java:1144)\r\n\tat java.base/java.util.concurrent.ThreadPoolExecutor$Worker.run(ThreadPoolExecutor.java:642)\r\n\tat java.base/java.lang.Thread.run(Thread.java:1623)\r\n",
              "duration": 133572600,
              "status": "failed"
            },
            "match": {
              "location": "HomePageSteps.after(Scenario)"
            }
          }
        ],
        "type": "scenario",
        "keyword": "Scenario",
        "steps": [
          {
            "result": {
              "status": "undefined"
            },
            "before": [
              {
                "result": {
                  "duration": 2000568400,
                  "status": "passed"
                },
                "match": {
                  "location": "HomePageSteps.beforeStep()"
                }
              }
            ],
            "line": 5,
            "name": "User login successfully",
            "match": {},
            "keyword": "Given "
          },
          {
            "result": {
              "duration": 37700,
              "status": "skipped"
            },
            "before": [
              {
                "result": {
                  "duration": 30200,
                  "status": "skipped"
                },
                "match": {
                  "location": "HomePageSteps.beforeStep()"
                }
              }
            ],
            "line": 6,
            "name": "User navigates to Quiz HomePage",
            "match": {
              "location": "HomePageSteps.aUserNavigatesToHomePage()"
            },
            "keyword": "And "
          },
          {
            "result": {
              "duration": 13500,
              "status": "skipped"
            },
            "before": [
              {
                "result": {
                  "duration": 11600,
                  "status": "skipped"
                },
                "match": {
                  "location": "HomePageSteps.beforeStep()"
                }
              }
            ],
            "line": 7,
            "name": "Click on Computer tab",
            "match": {
              "location": "HomePageSteps.clickOnComputerTab()"
            },
            "keyword": "When "
          },
          {
            "result": {
              "duration": 15100,
              "status": "skipped"
            },
            "before": [
              {
                "result": {
                  "duration": 23700,
                  "status": "skipped"
                },
                "match": {
                  "location": "HomePageSteps.beforeStep()"
                }
              }
            ],
            "line": 8,
            "name": "Input value exist in Computer tab",
            "match": {
              "location": "HomePageSteps.inputValueExistInComputerTab()"
            },
            "keyword": "And "
          },
          {
            "result": {
              "duration": 16300,
              "status": "skipped"
            },
            "before": [
              {
                "result": {
                  "duration": 14000,
                  "status": "skipped"
                },
                "match": {
                  "location": "HomePageSteps.beforeStep()"
                }
              }
            ],
            "line": 9,
            "name": "verify the search result is the same as the input value",
            "match": {
              "location": "HomePageSteps.verifyTheSearchResultIsTheSameAsTheInputValue()"
            },
            "keyword": "Then "
          }
        ],
        "tags": [
          {
            "name": "@login_page"
          }
        ]
      }
    ],
    "name": "Login Page Verifications",
    "description": "",
    "id": "login-page-verifications",
    "keyword": "Feature",
    "uri": "file:src/test/resources/features/LoginPage/01_LoginPage.feature",
    "tags": []
  }
]